<?xml version="1.0" encoding="UTF-8"?>
<!-- Generated by org.testng.reporters.JUnitXMLReporter -->
<testsuite hostname="XD-10ISLA-21114" ignored="2" name="seleniumTest" tests="2" failures="0" timestamp="09 Feb 2021 07:50:54 GMT" time="15.657" errors="0">
  <testcase name="cypressTest" time="5.595" classname="testNG.GoogleSearch"/>
  <testcase name="javaTest" time="3.233" classname="testNG.GoogleSearch"/>
  <testcase name="seleniumTest" time="0.0" classname="testNG.GoogleSearch">
    <ignored/>
  </testcase> <!-- seleniumTest -->
  <testcase name="searchTest" time="0.0" classname="testNG.GoogleSearch">
    <ignored/>
  </testcase> <!-- searchTest -->
</testsuite> <!-- seleniumTest -->
