<?xml version="1.0" encoding="UTF-8"?>
<!-- Generated by org.testng.reporters.JUnitXMLReporter -->
<testsuite hostname="XD-10ISLA-21114" ignored="3" name="Test" tests="4" failures="0" timestamp="09 Feb 2021 07:57:05 GMT" time="17.015" errors="0">
  <testcase name="seleniumTest" time="3.564" classname="testNG.GoogleSearch"/>
  <testcase name="seleniumTest" time="3.003" classname="testNG.GoogleSearch"/>
  <testcase name="seleniumTest" time="2.232" classname="testNG.GoogleSearch"/>
  <testcase name="seleniumTest" time="2.16" classname="testNG.GoogleSearch"/>
  <testcase name="cypressTest" time="0.0" classname="testNG.GoogleSearch">
    <ignored/>
  </testcase> <!-- cypressTest -->
  <testcase name="javaTest" time="0.0" classname="testNG.GoogleSearch">
    <ignored/>
  </testcase> <!-- javaTest -->
  <testcase name="searchTest" time="0.0" classname="testNG.GoogleSearch">
    <ignored/>
  </testcase> <!-- searchTest -->
</testsuite> <!-- Test -->
